Rainbow Brackets (2gua)
GitHub Theme (GitHub's Sublime Text themes)
Subtle Match Brackets (Rafa Mel)
C/C++ (Microsoft)
C# (Microsoft)
Markdown All in One (Yu Zhang)
Markdown Preview Enhanced (Yiyi Wang)
markdownlint (David Anson)
Tokyo Night (enkia)
Material Theme (Mattia Astorino)
Python (Microsoft)
Pylance (Microsoft)
Visual Studio IntelliCode (Microsoft)
Python for VSCode (Thomas Haakon Townsend)
Material Icon Theme (Philipp Kief)
vscode-icons (VScode Icons Team)
Predawn Theme kit (Microsoft)
Vim (vscodevim)
Docker (Microsoft)
Kubernetes (Microsoft)
PowerShell (Microsoft)
CMake Tools (Microsoft)
Hex Editor (Microsoft)
reStructuredText (LeXtudio Inc)

