acpi (laptop)
cheese (optional)
fish
chromium
lxappearance
mupdf
zathura
obs-studio
pacli
pulseaudio-alsa
pavucontrol
redshift
rsync
ssh
screenfetch
stow
thunar
nautilus
caja
vlock
transmission-gtk
ttf-dejavu
ttf-font-awesome
ttf-freefont
ttf-google-fonts
ttf-source-code
gpick
gcolor2
vim
mc (midnight-commander)
vlc
parole
mpv
wget
aria2
bless
wxhexeditor
dhex
xarchiver
wireshark
nmap
zenmap
sslscan
hping3
nikto
htop
atop
dstat
git
hexedit
gcp
bleachbit
rkhunter
fwbuilder
idle-python2.7
idle-python3.6
irrsi
hexchat
macchanger
unix2dos
dos2unix
wavemon
nmon
glances
pv
dmtx-utils
iec16022
seahorse
gpa
gpaste
gpaint
qrencode
barcode
lshw
lsscsi
dmidecode
bwm-ng
bmon
iftop
